This is pdfTeX, Version 3.141592653-2.6-1.40.23 (MiKTeX 21.6.28 NEXT) (preloaded format=pdflatex 2021.7.7)  7 JUL 2021 22:12
entering extended mode
**./writeup.tex
(writeup.tex
LaTeX2e <2021-06-01> patch level 1
L3 programming layer <2021-06-18>
(C:\Users\94836\AppData\Local\Programs\MiKTeX 2.9\tex/latex/base\article.cls
Document Class: article 2021/02/12 v1.4n Standard LaTeX document class
(C:\Users\94836\AppData\Local\Programs\MiKTeX 2.9\tex/latex/base\size11.clo
File: size11.clo 2021/02/12 v1.4n Standard LaTeX file (size option)
)
\c@part=\count182
\c@section=\count183
\c@subsection=\count184
\c@subsubsection=\count185
\c@paragraph=\count186
\c@subparagraph=\count187
\c@figure=\count188
\c@table=\count189
\abovecaptionskip=\skip47
\belowcaptionskip=\skip48
\bibindent=\dimen138
)
(C:\Users\94836\AppData\Local\Programs\MiKTeX 2.9\tex/generic/babel\babel.sty
Package: babel 2021/06/28 3.61 The Babel package

(C:\Users\94836\AppData\Local\Programs\MiKTeX 2.9\tex/generic/babel\babel.def
File: babel.def 2021/06/28 3.61 Babel common definitions
\babel@savecnt=\count190
\U@D=\dimen139
\l@unhyphenated=\language83

(C:\Users\94836\AppData\Local\Programs\MiKTeX 2.9\tex/generic/babel\txtbabel.de
f)
\bbl@readstream=\read2
)
\bbl@dirlevel=\count191

*************************************
* Local config file bblopts.cfg used
*
(C:\Users\94836\AppData\Local\Programs\MiKTeX 2.9\tex/latex/arabi\bblopts.cfg
File: bblopts.cfg 2005/09/08 v0.1 add Arabic and Farsi to "declared" options of
 babel
)
(C:\Users\94836\AppData\Local\Programs\MiKTeX 2.9\tex/latex/babel-english\engli
sh.ldf
Language: english 2017/06/06 v3.3r English support from the babel system
Package babel Info: Hyphen rules for 'canadian' set to \l@english
(babel)             (\language0). Reported on input line 102.
Package babel Info: Hyphen rules for 'australian' set to \l@ukenglish
(babel)             (\language77). Reported on input line 105.
Package babel Info: Hyphen rules for 'newzealand' set to \l@ukenglish
(babel)             (\language77). Reported on input line 108.
))
(C:\Users\94836\AppData\Local\Programs\MiKTeX 2.9\tex/latex/base\inputenc.sty
Package: inputenc 2021/02/14 v1.3d Input encoding file
\inpenc@prehook=\toks16
\inpenc@posthook=\toks17
)
(C:\Users\94836\AppData\Local\Programs\MiKTeX 2.9\tex/latex/hyperref\hyperref.s
ty
Package: hyperref 2021-06-07 v7.00m Hypertext links for LaTeX

(C:\Users\94836\AppData\Local\Programs\MiKTeX 2.9\tex/generic/oberdiek\ltxcmds.
sty
Package: ltxcmds 2016/05/16 v1.23 LaTeX kernel commands for general use (HO)
)
(C:\Users\94836\AppData\Local\Programs\MiKTeX 2.9\tex/generic/iftex\iftex.sty
Package: iftex 2020/03/06 v1.0d TeX engine tests
)
(C:\Users\94836\AppData\Local\Programs\MiKTeX 2.9\tex/generic/oberdiek\pdftexcm
ds.sty
Package: pdftexcmds 2018/09/10 v0.29 Utility functions of pdfTeX for LuaTeX (HO
)

(C:\Users\94836\AppData\Local\Programs\MiKTeX 2.9\tex/generic/oberdiek\infwarer
r.sty
Package: infwarerr 2016/05/16 v1.4 Providing info/warning/error messages (HO)
)
(C:\Users\94836\AppData\Local\Programs\MiKTeX 2.9\tex/generic/iftex\ifluatex.st
y
Package: ifluatex 2019/10/25 v1.5 ifluatex legacy package. Use iftex instead.
)
(C:\Users\94836\AppData\Local\Programs\MiKTeX 2.9\tex/generic/iftex\ifpdf.sty
Package: ifpdf 2019/10/25 v3.4 ifpdf legacy package. Use iftex instead.
)
Package pdftexcmds Info: LuaTeX not detected.
Package pdftexcmds Info: \pdf@primitive is available.
Package pdftexcmds Info: \pdf@ifprimitive is available.
Package pdftexcmds Info: \pdfdraftmode found.
)
(C:\Users\94836\AppData\Local\Programs\MiKTeX 2.9\tex/latex/graphics\keyval.sty
Package: keyval 2014/10/28 v1.15 key=value parser (DPC)
\KV@toks@=\toks18
)
(C:\Users\94836\AppData\Local\Programs\MiKTeX 2.9\tex/generic/oberdiek\kvsetkey
s.sty
Package: kvsetkeys 2016/05/16 v1.17 Key value parser (HO)

(C:\Users\94836\AppData\Local\Programs\MiKTeX 2.9\tex/generic/oberdiek\etexcmds
.sty
Package: etexcmds 2016/05/16 v1.6 Avoid name clashes with e-TeX commands (HO)
))
(C:\Users\94836\AppData\Local\Programs\MiKTeX 2.9\tex/generic/oberdiek\kvdefine
keys.sty
Package: kvdefinekeys 2016/05/16 v1.4 Define keys (HO)
)
(C:\Users\94836\AppData\Local\Programs\MiKTeX 2.9\tex/generic/oberdiek\pdfescap
e.sty
Package: pdfescape 2016/05/16 v1.14 Implements pdfTeX's escape features (HO)
)
(C:\Users\94836\AppData\Local\Programs\MiKTeX 2.9\tex/latex/oberdiek\hycolor.st
y
Package: hycolor 2016/05/16 v1.8 Color options for hyperref/bookmark (HO)

(C:\Users\94836\AppData\Local\Programs\MiKTeX 2.9\tex/latex/oberdiek\xcolor-pat
ch.sty
Package: xcolor-patch 2016/05/16 xcolor patch

(C:\Users\94836\AppData\Local\Programs\MiKTeX 2.9\tex/latex/hopatch\hopatch.sty
Package: hopatch 2020-08-01 v1.4 Wrapper for package hooks (HO)
)))
(C:\Users\94836\AppData\Local\Programs\MiKTeX 2.9\tex/latex/oberdiek\letltxmacr
o.sty
Package: letltxmacro 2016/05/16 v1.5 Let assignment for LaTeX macros (HO)
)
(C:\Users\94836\AppData\Local\Programs\MiKTeX 2.9\tex/latex/oberdiek\auxhook.st
y
Package: auxhook 2016/05/16 v1.4 Hooks for auxiliary files (HO)
)
(C:\Users\94836\AppData\Local\Programs\MiKTeX 2.9\tex/latex/oberdiek\kvoptions.
sty
Package: kvoptions 2016/05/16 v3.12 Key value format for package options (HO)
)
\@linkdim=\dimen140
\Hy@linkcounter=\count192
\Hy@pagecounter=\count193

(C:\Users\94836\AppData\Local\Programs\MiKTeX 2.9\tex/latex/hyperref\pd1enc.def
File: pd1enc.def 2021-06-07 v7.00m Hyperref: PDFDocEncoding definition (HO)
Now handling font encoding PD1 ...
... no UTF-8 mapping file for font encoding PD1
)
(C:\Users\94836\AppData\Local\Programs\MiKTeX 2.9\tex/latex/hyperref\hyperref-l
angpatches.def
File: hyperref-langpatches.def 2021-06-07 v7.00m Hyperref: patches for babel la
nguages
)
(C:\Users\94836\AppData\Local\Programs\MiKTeX 2.9\tex/generic/oberdiek\intcalc.
sty
Package: intcalc 2016/05/16 v1.2 Expandable calculations with integers (HO)
)
\Hy@SavedSpaceFactor=\count194

(C:\Users\94836\AppData\Local\Programs\MiKTeX 2.9\tex/latex/hyperref\puenc.def
File: puenc.def 2021-06-07 v7.00m Hyperref: PDF Unicode definition (HO)
Now handling font encoding PU ...
... no UTF-8 mapping file for font encoding PU
)
(C:\Users\94836\AppData\Local\Programs\MiKTeX 2.9\tex/latex/00miktex\hyperref.c
fg
File: hyperref.cfg 2002/06/06 v1.2 hyperref configuration of TeXLive
)
Package hyperref Info: Option `colorlinks' set `true' on input line 4073.
Package hyperref Info: Hyper figures OFF on input line 4192.
Package hyperref Info: Link nesting OFF on input line 4197.
Package hyperref Info: Hyper index ON on input line 4200.
Package hyperref Info: Plain pages OFF on input line 4207.
Package hyperref Info: Backreferencing OFF on input line 4212.
Package hyperref Info: Implicit mode ON; LaTeX internals redefined.
Package hyperref Info: Bookmarks ON on input line 4445.
\c@Hy@tempcnt=\count195
 (C:\Users\94836\AppData\Local\Programs\MiKTeX 2.9\tex/latex/url\url.sty
\Urlmuskip=\muskip16
Package: url 2013/09/16  ver 3.4  Verb mode for urls, etc.
)
LaTeX Info: Redefining \url on input line 4804.
\XeTeXLinkMargin=\dimen141

(C:\Users\94836\AppData\Local\Programs\MiKTeX 2.9\tex/generic/oberdiek\bitset.s
ty
Package: bitset 2016/05/16 v1.2 Handle bit-vector datatype (HO)

(C:\Users\94836\AppData\Local\Programs\MiKTeX 2.9\tex/generic/oberdiek\bigintca
lc.sty
Package: bigintcalc 2016/05/16 v1.4 Expandable calculations on big integers (HO
)
))
\Fld@menulength=\count196
\Field@Width=\dimen142
\Fld@charsize=\dimen143
Package hyperref Info: Hyper figures OFF on input line 6076.
Package hyperref Info: Link nesting OFF on input line 6081.
Package hyperref Info: Hyper index ON on input line 6084.
Package hyperref Info: backreferencing OFF on input line 6091.
Package hyperref Info: Link coloring ON on input line 6094.
Package hyperref Info: Link coloring with OCG OFF on input line 6101.
Package hyperref Info: PDF/A mode OFF on input line 6106.
LaTeX Info: Redefining \ref on input line 6146.
LaTeX Info: Redefining \pageref on input line 6150.

(C:\Users\94836\AppData\Local\Programs\MiKTeX 2.9\tex/latex/base\atbegshi-ltx.s
ty
Package: atbegshi-ltx 2021/01/10 v1.0c Emulation of the original atbegshi
package with kernel methods
)
\Hy@abspage=\count197
\c@Item=\count198
\c@Hfootnote=\count199
)
Package hyperref Info: Driver (autodetected): hpdftex.

(C:\Users\94836\AppData\Local\Programs\MiKTeX 2.9\tex/latex/hyperref\hpdftex.de
f
File: hpdftex.def 2021-06-07 v7.00m Hyperref driver for pdfTeX

(C:\Users\94836\AppData\Local\Programs\MiKTeX 2.9\tex/latex/base\atveryend-ltx.
sty
Package: atveryend-ltx 2020/08/19 v1.0a Emulation of the original atvery packag
e
with kernel methods
)
\Fld@listcount=\count266
\c@bookmark@seq@number=\count267

(C:\Users\94836\AppData\Local\Programs\MiKTeX 2.9\tex/latex/oberdiek\rerunfilec
heck.sty
Package: rerunfilecheck 2016/05/16 v1.8 Rerun checks for auxiliary files (HO)

(C:\Users\94836\AppData\Local\Programs\MiKTeX 2.9\tex/generic/oberdiek\uniqueco
unter.sty
Package: uniquecounter 2016/05/16 v1.3 Provide unlimited unique counter (HO)
)
Package uniquecounter Info: New unique counter `rerunfilecheck' on input line 2
82.
)
\Hy@SectionHShift=\skip49
)
(C:\Users\94836\AppData\Local\Programs\MiKTeX 2.9\tex/latex/geometry\geometry.s
ty
Package: geometry 2018/04/16 v5.8 Page Geometry

(C:\Users\94836\AppData\Local\Programs\MiKTeX 2.9\tex/generic/iftex\ifvtex.sty
Package: ifvtex 2019/10/25 v1.7 ifvtex legacy package. Use iftex instead.
)
(C:\Users\94836\AppData\Local\Programs\MiKTeX 2.9\tex/generic/iftex\ifxetex.sty
Package: ifxetex 2019/10/25 v0.7 ifxetex legacy package. Use iftex instead.
)
\Gm@cnth=\count268
\Gm@cntv=\count269
\c@Gm@tempcnt=\count270
\Gm@bindingoffset=\dimen144
\Gm@wd@mp=\dimen145
\Gm@odd@mp=\dimen146
\Gm@even@mp=\dimen147
\Gm@layoutwidth=\dimen148
\Gm@layoutheight=\dimen149
\Gm@layouthoffset=\dimen150
\Gm@layoutvoffset=\dimen151
\Gm@dimlist=\toks19

(C:\Users\94836\AppData\Local\Programs\MiKTeX 2.9\tex/latex/geometry\geometry.c
fg))
(C:\Users\94836\AppData\Local\Programs\MiKTeX 2.9\tex/latex/stackengine\stacken
gine.sty
Package: stackengine 2017/02/13 v4.01\ Stacking text and objects in convenient 
ways

(C:\Users\94836\AppData\Local\Programs\MiKTeX 2.9\tex/latex/etoolbox\etoolbox.s
ty
Package: etoolbox 2020/10/05 v2.5k e-TeX tools for LaTeX (JAW)
\etb@tempcnta=\count271
)
(C:\Users\94836\AppData\Local\Programs\MiKTeX 2.9\tex/latex/listofitems\listofi
tems.sty
(C:\Users\94836\AppData\Local\Programs\MiKTeX 2.9\tex/generic/listofitems\listo
fitems.tex
\loi_cnt_foreach_nest=\count272
\loi_nestcnt=\count273
)
Package: listofitems 2019/08/21 v1.63 Grab items in lists using user-specified 
sep char (CT)
)
(C:\Users\94836\AppData\Local\Programs\MiKTeX 2.9\tex/latex/tools\calc.sty
Package: calc 2017/05/25 v4.3 Infix arithmetic (KKT,FJ)
\calc@Acount=\count274
\calc@Bcount=\count275
\calc@Adimen=\dimen152
\calc@Bdimen=\dimen153
\calc@Askip=\skip50
\calc@Bskip=\skip51
LaTeX Info: Redefining \setlength on input line 80.
LaTeX Info: Redefining \addtolength on input line 81.
\calc@Ccount=\count276
\calc@Cskip=\skip52
)
\c@@stackindex=\count277
\@boxshift=\skip53
\stack@tmplength=\skip54
\temp@stkl=\skip55
\@stackedboxwidth=\skip56
\@addedbox=\box50
\@anchorbox=\box51
\stackedbox=\box52
\@centerbox=\box53
\c@ROWcellindex@=\count278
)
(C:\Users\94836\AppData\Local\Programs\MiKTeX 2.9\tex/latex/graphics\graphicx.s
ty
Package: graphicx 2020/12/05 v1.2c Enhanced LaTeX Graphics (DPC,SPQR)

(C:\Users\94836\AppData\Local\Programs\MiKTeX 2.9\tex/latex/graphics\graphics.s
ty
Package: graphics 2021/03/04 v1.4d Standard LaTeX Graphics (DPC,SPQR)

(C:\Users\94836\AppData\Local\Programs\MiKTeX 2.9\tex/latex/graphics\trig.sty
Package: trig 2016/01/03 v1.10 sin cos tan (DPC)
)
(C:\Users\94836\AppData\Local\Programs\MiKTeX 2.9\tex/latex/graphics-cfg\graphi
cs.cfg
File: graphics.cfg 2016/06/04 v1.11 sample graphics configuration
)
Package graphics Info: Driver file: pdftex.def on input line 107.

(C:\Users\94836\AppData\Local\Programs\MiKTeX 2.9\tex/latex/graphics-def\pdftex
.def
File: pdftex.def 2020/10/05 v1.2a Graphics/color driver for pdftex
))
\Gin@req@height=\dimen154
\Gin@req@width=\dimen155
)
(C:\Users\94836\AppData\Local\Programs\MiKTeX 2.9\tex/latex/fancyhdr\fancyhdr.s
ty
Package: fancyhdr 2021/01/28 v4.0.1 Extensive control of page headers and foote
rs
\f@nch@headwidth=\skip57
\f@nch@O@elh=\skip58
\f@nch@O@erh=\skip59
\f@nch@O@olh=\skip60
\f@nch@O@orh=\skip61
\f@nch@O@elf=\skip62
\f@nch@O@erf=\skip63
\f@nch@O@olf=\skip64
\f@nch@O@orf=\skip65
)
(C:\Users\94836\AppData\Local\Programs\MiKTeX 2.9\tex/latex/microtype\microtype
.sty
Package: microtype 2021/03/14 v2.8c Micro-typographical refinements (RS)
\MT@toks=\toks20
\MT@count=\count279
LaTeX Info: Redefining \textls on input line 790.
\MT@outer@kern=\dimen156
LaTeX Info: Redefining \textmicrotypecontext on input line 1374.
\MT@listname@count=\count280

(C:\Users\94836\AppData\Local\Programs\MiKTeX 2.9\tex/latex/microtype\microtype
-pdftex.def
File: microtype-pdftex.def 2021/03/14 v2.8c Definitions specific to pdftex (RS)

LaTeX Info: Redefining \lsstyle on input line 915.
LaTeX Info: Redefining \lslig on input line 915.
\MT@outer@space=\skip66
)
Package microtype Info: Loading configuration file microtype.cfg.

(C:\Users\94836\AppData\Local\Programs\MiKTeX 2.9\tex/latex/microtype\microtype
.cfg
File: microtype.cfg 2021/03/14 v2.8c microtype main configuration file (RS)
))
(C:\Users\94836\AppData\Local\Programs\MiKTeX 2.9\tex/latex/psnfss\times.sty
Package: times 2005/04/12 PSNFSS-v9.2a (SPQR) 
)
(C:\Users\94836\AppData\Local\Programs\MiKTeX 2.9\tex/latex/booktabs\booktabs.s
ty
Package: booktabs 2005/04/14 v1.61803 publication quality tables
\heavyrulewidth=\dimen157
\lightrulewidth=\dimen158
\cmidrulewidth=\dimen159
\belowrulesep=\dimen160
\belowbottomsep=\dimen161
\aboverulesep=\dimen162
\abovetopsep=\dimen163
\cmidrulesep=\dimen164
\cmidrulekern=\dimen165
\defaultaddspace=\dimen166
\@cmidla=\count281
\@cmidlb=\count282
\@aboverulesep=\dimen167
\@belowrulesep=\dimen168
\@thisruleclass=\count283
\@lastruleclass=\count284
\@thisrulewidth=\dimen169
)
(C:\Users\94836\AppData\Local\Programs\MiKTeX 2.9\tex/latex/subfigure\subfigure
.sty
Package: subfigure 2002/07/30 v2.1.4 subfigure package
\subfigtopskip=\skip67
\subfigcapskip=\skip68
\subfigcaptopadj=\dimen170
\subfigbottomskip=\skip69
\subfigcapmargin=\dimen171
\subfiglabelskip=\skip70
\c@subfigure=\count285
\c@lofdepth=\count286
\c@subtable=\count287
\c@lotdepth=\count288

****************************************
* Local config file subfigure.cfg used *
****************************************

(C:\Users\94836\AppData\Local\Programs\MiKTeX 2.9\tex/latex/subfigure\subfigure
.cfg)
\subfig@top=\skip71
\subfig@bottom=\skip72
)
(C:\Users\94836\AppData\Local\Programs\MiKTeX 2.9\tex/latex/cite\cite.sty
LaTeX Info: Redefining \cite on input line 302.
LaTeX Info: Redefining \nocite on input line 332.
Package: cite 2015/02/27  v 5.5
)
(pythonhighlight.sty
Package: pythonhighlight 2011/09/19 python code highlighting; provided by Olivi
er Verdier <olivier.verdier@gmail.com>

(C:\Users\94836\AppData\Local\Programs\MiKTeX 2.9\tex/latex/listings\listings.s
ty
\lst@mode=\count289
\lst@gtempboxa=\box54
\lst@token=\toks21
\lst@length=\count290
\lst@currlwidth=\dimen172
\lst@column=\count291
\lst@pos=\count292
\lst@lostspace=\dimen173
\lst@width=\dimen174
\lst@newlines=\count293
\lst@lineno=\count294
\lst@maxwidth=\dimen175

(C:\Users\94836\AppData\Local\Programs\MiKTeX 2.9\tex/latex/listings\lstmisc.st
y
File: lstmisc.sty 2020/03/24 1.8d (Carsten Heinz)
\c@lstnumber=\count295
\lst@skipnumbers=\count296
\lst@framebox=\box55
)
(C:\Users\94836\AppData\Local\Programs\MiKTeX 2.9\tex/latex/listings\listings.c
fg
File: listings.cfg 2020/03/24 1.8d listings configuration
))
Package: listings 2020/03/24 1.8d (Carsten Heinz)

(C:\Users\94836\AppData\Local\Programs\MiKTeX 2.9\tex/latex/xcolor\xcolor.sty
Package: xcolor 2016/05/11 v2.12 LaTeX color extensions (UK)

(C:\Users\94836\AppData\Local\Programs\MiKTeX 2.9\tex/latex/graphics-cfg\color.
cfg
File: color.cfg 2016/01/02 v1.6 sample color configuration
)
Package xcolor Info: Driver file: pdftex.def on input line 225.
Package xcolor Info: Model `cmy' substituted by `cmy0' on input line 1348.
Package xcolor Info: Model `hsb' substituted by `rgb' on input line 1352.
Package xcolor Info: Model `RGB' extended on input line 1364.
Package xcolor Info: Model `HTML' substituted by `rgb' on input line 1366.
Package xcolor Info: Model `Hsb' substituted by `hsb' on input line 1367.
Package xcolor Info: Model `tHsb' substituted by `hsb' on input line 1368.
Package xcolor Info: Model `HSB' substituted by `hsb' on input line 1369.
Package xcolor Info: Model `Gray' substituted by `gray' on input line 1370.
Package xcolor Info: Model `wave' substituted by `hsb' on input line 1371.
))
LaTeX Font Info:    Trying to load font information for OT1+ptm on input line 7
3.

(C:\Users\94836\AppData\Local\Programs\MiKTeX 2.9\tex/latex/psnfss\ot1ptm.fd
File: ot1ptm.fd 2001/06/04 font definitions for OT1/ptm.
)
(C:\Users\94836\AppData\Local\Programs\MiKTeX 2.9\tex/latex/l3backend\l3backend
-pdftex.def
File: l3backend-pdftex.def 2021-05-07 L3 backend support: PDF output (pdfTeX)
\l__color_backend_stack_int=\count297
\l__pdf_internal_box=\box56
) (writeup.aux)
\openout1 = `writeup.aux'.

LaTeX Font Info:    Checking defaults for OML/cmm/m/it on input line 73.
LaTeX Font Info:    ... okay on input line 73.
LaTeX Font Info:    Checking defaults for OMS/cmsy/m/n on input line 73.
LaTeX Font Info:    ... okay on input line 73.
LaTeX Font Info:    Checking defaults for OT1/cmr/m/n on input line 73.
LaTeX Font Info:    ... okay on input line 73.
LaTeX Font Info:    Checking defaults for T1/cmr/m/n on input line 73.
LaTeX Font Info:    ... okay on input line 73.
LaTeX Font Info:    Checking defaults for TS1/cmr/m/n on input line 73.
LaTeX Font Info:    ... okay on input line 73.
LaTeX Font Info:    Checking defaults for OMX/cmex/m/n on input line 73.
LaTeX Font Info:    ... okay on input line 73.
LaTeX Font Info:    Checking defaults for U/cmr/m/n on input line 73.
LaTeX Font Info:    ... okay on input line 73.
LaTeX Font Info:    Checking defaults for PD1/pdf/m/n on input line 73.
LaTeX Font Info:    ... okay on input line 73.
LaTeX Font Info:    Checking defaults for PU/pdf/m/n on input line 73.
LaTeX Font Info:    ... okay on input line 73.
Package hyperref Info: Link coloring ON on input line 73.

(C:\Users\94836\AppData\Local\Programs\MiKTeX 2.9\tex/latex/hyperref\nameref.st
y
Package: nameref 2021-04-02 v2.47 Cross-referencing by name of section

(C:\Users\94836\AppData\Local\Programs\MiKTeX 2.9\tex/latex/oberdiek\refcount.s
ty
Package: refcount 2016/05/16 v3.5 Data extraction from label references (HO)
)
(C:\Users\94836\AppData\Local\Programs\MiKTeX 2.9\tex/generic/oberdiek\gettitle
string.sty
Package: gettitlestring 2016/05/16 v1.5 Cleanup title references (HO)
)
\c@section@level=\count298
)
LaTeX Info: Redefining \ref on input line 73.
LaTeX Info: Redefining \pageref on input line 73.
LaTeX Info: Redefining \nameref on input line 73.
 (writeup.out) (writeup.out)
\@outlinefile=\write3
\openout3 = `writeup.out'.


*geometry* driver: auto-detecting
*geometry* detected driver: pdftex
*geometry* verbose mode - [ preamble ] result:
* driver: pdftex
* paper: a4paper
* layout: <same size as paper>
* layoutoffset:(h,v)=(0.0pt,0.0pt)
* modes: 
* h-part:(L,W,R)=(108.405pt, 380.69788pt, 108.405pt)
* v-part:(T,H,B)=(108.405pt, 628.23685pt, 108.405pt)
* \paperwidth=597.50787pt
* \paperheight=845.04684pt
* \textwidth=380.69788pt
* \textheight=628.23685pt
* \oddsidemargin=36.13501pt
* \evensidemargin=36.13501pt
* \topmargin=-0.86499pt
* \headheight=15.0pt
* \headsep=25.0pt
* \topskip=11.0pt
* \footskip=30.0pt
* \marginparwidth=59.0pt
* \marginparsep=10.0pt
* \columnsep=10.0pt
* \skip\footins=10.0pt plus 4.0pt minus 2.0pt
* \hoffset=0.0pt
* \voffset=0.0pt
* \mag=1000
* \@twocolumnfalse
* \@twosidefalse
* \@mparswitchfalse
* \@reversemarginfalse
* (1in=72.27pt=25.4mm, 1cm=28.453pt)


(C:\Users\94836\AppData\Local\Programs\MiKTeX 2.9\tex/context/base\supp-pdf.mki
i
[Loading MPS to PDF converter (version 2006.09.02).]
\scratchcounter=\count299
\scratchdimen=\dimen176
\scratchbox=\box57
\nofMPsegments=\count300
\nofMParguments=\count301
\everyMPshowfont=\toks22
\MPscratchCnt=\count302
\MPscratchDim=\dimen177
\MPnumerator=\count303
\makeMPintoPDFobject=\count304
\everyMPtoPDFconversion=\toks23
)
(C:\Users\94836\AppData\Local\Programs\MiKTeX 2.9\tex/latex/oberdiek\epstopdf-b
ase.sty
Package: epstopdf-base 2016/05/15 v2.6 Base part for package epstopdf

(C:\Users\94836\AppData\Local\Programs\MiKTeX 2.9\tex/latex/oberdiek\grfext.sty
Package: grfext 2016/05/16 v1.2 Manage graphics extensions (HO)
)
Package epstopdf-base Info: Redefining graphics rule for `.eps' on input line 4
38.
Package grfext Info: Graphics extension search list:
(grfext)             [.pdf,.png,.jpg,.mps,.jpeg,.jbig2,.jb2,.PDF,.PNG,.JPG,.JPE
G,.JBIG2,.JB2,.eps]
(grfext)             \AppendGraphicsExtensions on input line 456.

(C:\Users\94836\AppData\Local\Programs\MiKTeX 2.9\tex/latex/00miktex\epstopdf-s
ys.cfg
File: epstopdf-sys.cfg 2021/03/18 v2.0 Configuration of epstopdf for MiKTeX
))
LaTeX Info: Redefining \microtypecontext on input line 73.
Package microtype Info: Generating PDF output.
Package microtype Info: Character protrusion enabled (level 2).
Package microtype Info: Using default protrusion set `alltext'.
Package microtype Info: Automatic font expansion enabled (level 2),
(microtype)             stretch: 20, shrink: 20, step: 1, non-selected.
Package microtype Info: Using default expansion set `alltext-nott'.
LaTeX Info: Redefining \showhyphens on input line 73.
Package microtype Info: No adjustment of tracking.
Package microtype Info: No adjustment of interword spacing.
Package microtype Info: No adjustment of character kerning.

(C:\Users\94836\AppData\Local\Programs\MiKTeX 2.9\tex/latex/microtype\mt-ptm.cf
g
File: mt-ptm.cfg 2006/04/20 v1.7 microtype config. file: Times (RS)
)
\c@lstlisting=\count305

(C:\Users\94836\AppData\Local\Programs\MiKTeX 2.9\tex/latex/microtype\mt-cmr.cf
g
File: mt-cmr.cfg 2013/05/19 v2.2 microtype config. file: Computer Modern Roman 
(RS)
)
LaTeX Font Info:    External font `cmex10' loaded for size
(Font)              <12> on input line 75.
LaTeX Font Info:    External font `cmex10' loaded for size
(Font)              <8> on input line 75.
LaTeX Font Info:    External font `cmex10' loaded for size
(Font)              <6> on input line 75.
<refe.jpg, id=6, 713.66624pt x 722.7pt>
File: refe.jpg Graphic file (type jpg)
<use refe.jpg>
Package pdftex.def Info: refe.jpg  used on input line 89.
(pdftex.def)             Requested size: 114.21051pt x 115.64539pt.
<first.png, id=7, 462.528pt x 346.896pt>
File: first.png Graphic file (type png)
<use first.png>
Package pdftex.def Info: first.png  used on input line 92.
(pdftex.def)             Requested size: 190.34894pt x 142.76288pt.
<adoration1.jpg, id=10, 433.62pt x 433.62pt>
File: adoration1.jpg Graphic file (type jpg)
<use adoration1.jpg>
Package pdftex.def Info: adoration1.jpg  used on input line 115.
(pdftex.def)             Requested size: 125.63098pt x 125.62747pt.
<annunciation1.jpg, id=11, 433.62pt x 433.62pt>
File: annunciation1.jpg Graphic file (type jpg)
<use annunciation1.jpg>
Package pdftex.def Info: annunciation1.jpg  used on input line 115.
(pdftex.def)             Requested size: 125.63098pt x 125.62747pt.
<baptism1.jpg, id=12, 433.62pt x 433.62pt>
File: baptism1.jpg Graphic file (type jpg)
<use baptism1.jpg>
Package pdftex.def Info: baptism1.jpg  used on input line 115.
(pdftex.def)             Requested size: 125.63098pt x 125.62747pt.

Overfull \hbox (7.14502pt too wide) in paragraph at lines 115--116
 [][] 
 []

<ca-annun1.jpg, id=13, 433.62pt x 433.62pt>
File: ca-annun1.jpg Graphic file (type jpg)
<use ca-annun1.jpg>
Package pdftex.def Info: ca-annun1.jpg  used on input line 127.
(pdftex.def)             Requested size: 125.63098pt x 125.62747pt.
<ca-annun2.jpg, id=14, 433.62pt x 433.62pt>
File: ca-annun2.jpg Graphic file (type jpg)
<use ca-annun2.jpg>
Package pdftex.def Info: ca-annun2.jpg  used on input line 127.
(pdftex.def)             Requested size: 125.63098pt x 125.62747pt.
<ca-annun3.jpg, id=15, 433.62pt x 433.62pt>
File: ca-annun3.jpg Graphic file (type jpg)
<use ca-annun3.jpg>
Package pdftex.def Info: ca-annun3.jpg  used on input line 127.
(pdftex.def)             Requested size: 125.63098pt x 125.62747pt.

Overfull \hbox (7.14502pt too wide) in paragraph at lines 127--128
 [][] 
 []

<ajax3.jpg, id=16, 433.62pt x 433.62pt>
File: ajax3.jpg Graphic file (type jpg)
<use ajax3.jpg>
Package pdftex.def Info: ajax3.jpg  used on input line 139.
(pdftex.def)             Requested size: 125.63098pt x 125.62747pt.
<leading1.jpg, id=17, 433.62pt x 433.62pt>
File: leading1.jpg Graphic file (type jpg)
<use leading1.jpg>
Package pdftex.def Info: leading1.jpg  used on input line 139.
(pdftex.def)             Requested size: 125.63098pt x 125.62747pt.
<pursuit2.jpg, id=18, 433.62pt x 433.62pt>
File: pursuit2.jpg Graphic file (type jpg)
<use pursuit2.jpg>
Package pdftex.def Info: pursuit2.jpg  used on input line 139.
(pdftex.def)             Requested size: 125.63098pt x 125.62747pt.

Overfull \hbox (7.14502pt too wide) in paragraph at lines 139--140
 [][] 
 []

File: ca-annun1.jpg Graphic file (type jpg)
<use ca-annun1.jpg>
Package pdftex.def Info: ca-annun1.jpg  used on input line 161.
(pdftex.def)             Requested size: 152.27682pt x 152.27873pt.
<color_ca-annun1.jpg, id=20, 433.62pt x 433.62pt>
File: color_ca-annun1.jpg Graphic file (type jpg)
<use color_ca-annun1.jpg>
Package pdftex.def Info: color_ca-annun1.jpg  used on input line 168.
(pdftex.def)             Requested size: 152.27682pt x 152.27873pt.

Package fancyhdr Warning: \headheight is too small (15.0pt): 
(fancyhdr)                Make it at least 25.14781pt, for example:
(fancyhdr)                \setlength{\headheight}{25.14781pt}.
(fancyhdr)                You might also make \topmargin smaller to compensate:

(fancyhdr)                \addtolength{\topmargin}{-10.14781pt}.

[1{C:/Users/94836/AppData/Local/MiKTeX/2.9/pdftex/config/pdftex.map}

 <./refe.jpg> <./first.png>]

Package fancyhdr Warning: \headheight is too small (15.0pt): 
(fancyhdr)                Make it at least 25.14781pt, for example:
(fancyhdr)                \setlength{\headheight}{25.14781pt}.
(fancyhdr)                You might also make \topmargin smaller to compensate:

(fancyhdr)                \addtolength{\topmargin}{-10.14781pt}.

[2 <./adoration1.jpg> <./annunciation1.jpg> <./baptism1.jpg> <./ca-annun1.jpg> 
<./ca-annun2.jpg> <./ca-annun3.jpg> <./ajax3.jpg> <./leading1.jpg> <./pursuit2.
jpg>]
File: baptism1.jpg Graphic file (type jpg)
<use baptism1.jpg>
Package pdftex.def Info: baptism1.jpg  used on input line 185.
(pdftex.def)             Requested size: 152.27682pt x 152.27873pt.
<size_baptism1.jpg, id=52, 433.62pt x 433.62pt>
File: size_baptism1.jpg Graphic file (type jpg)
<use size_baptism1.jpg>
Package pdftex.def Info: size_baptism1.jpg  used on input line 192.
(pdftex.def)             Requested size: 152.27682pt x 152.27873pt.
 (writeup.bbl

Package fancyhdr Warning: \headheight is too small (15.0pt): 
(fancyhdr)                Make it at least 25.14781pt, for example:
(fancyhdr)                \setlength{\headheight}{25.14781pt}.
(fancyhdr)                You might also make \topmargin smaller to compensate:

(fancyhdr)                \addtolength{\topmargin}{-10.14781pt}.

[3 <./color_ca-annun1.jpg> <./size_baptism1.jpg>])

Package fancyhdr Warning: \headheight is too small (15.0pt): 
(fancyhdr)                Make it at least 25.14781pt, for example:
(fancyhdr)                \setlength{\headheight}{25.14781pt}.
(fancyhdr)                You might also make \topmargin smaller to compensate:

(fancyhdr)                \addtolength{\topmargin}{-10.14781pt}.

[4] (writeup.aux)
Package rerunfilecheck Info: File `writeup.out' has not changed.
(rerunfilecheck)             Checksum: D41D8CD98F00B204E9800998ECF8427E;0.
 ) 
Here is how much of TeX's memory you used:
 14086 strings out of 478811
 215039 string characters out of 2844810
 587724 words of memory out of 3000000
 31743 multiletter control sequences out of 15000+600000
 419396 words of font info for 93 fonts, out of 8000000 for 9000
 1141 hyphenation exceptions out of 8191
 70i,11n,80p,775b,494s stack positions out of 5000i,500n,10000p,200000b,80000s
{C:/Users/94836/AppData/Local/Programs/MiKTeX 2.9/fonts/enc/dvips/base/8r.enc
}<C:/Users/94836/AppData/Local/Programs/MiKTeX 2.9/fonts/type1/urw/times/utmb8a
.pfb><C:/Users/94836/AppData/Local/Programs/MiKTeX 2.9/fonts/type1/urw/times/ut
mr8a.pfb><C:/Users/94836/AppData/Local/Programs/MiKTeX 2.9/fonts/type1/urw/time
s/utmri8a.pfb>
Output written on writeup.pdf (4 pages, 1482949 bytes).
PDF statistics:
 91 PDF objects out of 1000 (max. 8388607)
 28 named destinations out of 1000 (max. 500000)
 28226 words of extra memory for PDF output out of 29859 (max. 10000000)

